{"C:\\Users\\kerot\\Desktop\\fizzbuzz test\\fizzbuzz.js": {"path":"C:\\Users\\kerot\\Desktop\\fizzbuzz test\\fizzbuzz.js","all":false,"statementMap":{"0":{"start":{"line":1,"column":0},"end":{"line":1,"column":26}},"1":{"start":{"line":2,"column":0},"end":{"line":2,"column":45}},"2":{"start":{"line":3,"column":0},"end":{"line":3,"column":24}},"3":{"start":{"line":4,"column":0},"end":{"line":4,"column":33}},"4":{"start":{"line":5,"column":0},"end":{"line":5,"column":20}},"5":{"start":{"line":6,"column":0},"end":{"line":6,"column":33}},"6":{"start":{"line":7,"column":0},"end":{"line":7,"column":20}},"7":{"start":{"line":8,"column":0},"end":{"line":8,"column":12}},"8":{"start":{"line":9,"column":0},"end":{"line":9,"column":30}},"9":{"start":{"line":10,"column":0},"end":{"line":10,"column":5}},"10":{"start":{"line":11,"column":0},"end":{"line":11,"column":1}},"11":{"start":{"line":12,"column":0},"end":{"line":12,"column":29}},"12":{"start":{"line":13,"column":0},"end":{"line":13,"column":27}}},"s":{"0":5,"1":5,"2":1,"3":5,"4":2,"5":2,"6":1,"7":1,"8":1,"9":1,"10":5,"11":1,"12":1},"branchMap":{"0":{"type":"branch","line":1,"loc":{"start":{"line":1,"column":0},"end":{"line":11,"column":1}},"locations":[{"start":{"line":1,"column":0},"end":{"line":11,"column":1}}]},"1":{"type":"branch","line":2,"loc":{"start":{"line":2,"column":23},"end":{"line":2,"column":42}},"locations":[{"start":{"line":2,"column":23},"end":{"line":2,"column":42}}]},"2":{"type":"branch","line":2,"loc":{"start":{"line":2,"column":44},"end":{"line":4,"column":5}},"locations":[{"start":{"line":2,"column":44},"end":{"line":4,"column":5}}]},"3":{"type":"branch","line":4,"loc":{"start":{"line":4,"column":5},"end":{"line":10,"column":5}},"locations":[{"start":{"line":4,"column":5},"end":{"line":10,"column":5}}]},"4":{"type":"branch","line":4,"loc":{"start":{"line":4,"column":32},"end":{"line":10,"column":5}},"locations":[{"start":{"line":4,"column":32},"end":{"line":10,"column":5}}]},"5":{"type":"branch","line":6,"loc":{"start":{"line":6,"column":32},"end":{"line":10,"column":5}},"locations":[{"start":{"line":6,"column":32},"end":{"line":10,"column":5}}]}},"b":{"0":[5],"1":[3],"2":[1],"3":[4],"4":[2],"5":[1]},"fnMap":{"0":{"name":"fizzbuzz","decl":{"start":{"line":1,"column":0},"end":{"line":11,"column":1}},"loc":{"start":{"line":1,"column":0},"end":{"line":11,"column":1}},"line":1}},"f":{"0":5}}
}
